生成启动时间为 2022/12/30 17:11:11。
     1>项目“D:\MyFTP\server\server.vcxproj”在节点 2 上(Build 个目标)。
     1>ClCompile:
         D:\VS\VC\bin\CL.exe /c /Zi /nologo /W3 /WX- /sdl /O2 /Oi /Oy- /GL /D _CRT_SECURE_NO_WARNINGS /D _CRT_NONSTDC_NO_DEPRECATE /D _MBCS /Gm- /EHsc /MT /GS /Gy /fp:precise /Zc:wchar_t /Zc:forScope /Fo"Release\\" /Fd"Release\vc120.pdb" /Gd /TP /analyze- /errorReport:prompt server.cpp
         server.cpp
     1>server.cpp(8): warning C4005: “_CRT_NONSTDC_NO_DEPRECATE”: 宏重定义
                 命令行参数: 参见前面的“_CRT_NONSTDC_NO_DEPRECATE”定义
     1>server.cpp(9): warning C4005: “_CRT_SECURE_NO_WARNINGS”: 宏重定义
                 命令行参数: 参见前面的“_CRT_SECURE_NO_WARNINGS”定义
     1>server.cpp(154): warning C4101: “filename”: 未引用的局部变量
     1>server.cpp(305): warning C4101: “sendBuf”: 未引用的局部变量
     1>server.cpp(420): warning C4101: “Buffer”: 未引用的局部变量
       Link:
         D:\VS\VC\bin\link.exe /ERRORREPORT:PROMPT /OUT:"D:\MyFTP\Release\server.exe" /NOLOGO kernel32.lib user32.lib gdi32.lib winspool.lib comdlg32.lib advapi32.lib shell32.lib ole32.lib oleaut32.lib uuid.lib odbc32.lib odbccp32.lib /MANIFEST /MANIFESTUAC:"level='asInvoker' uiAccess='false'" /manifest:embed /DEBUG /PDB:"D:\MyFTP\Release\server.pdb" /OPT:REF /OPT:ICF /LTCG /TLBID:1 /DYNAMICBASE /NXCOMPAT /IMPLIB:"D:\MyFTP\Release\server.lib" /MACHINE:X86 /SAFESEH Release\server.obj
         正在生成代码
         已完成代码的生成
         server.vcxproj -> D:\MyFTP\Release\server.exe
     1>已完成生成项目“D:\MyFTP\server\server.vcxproj”(Build 个目标)的操作。

生成成功。

已用时间 00:00:00.74
